This is pdfTeX, Version 3.14159265-2.6-1.40.15 (TeX Live 2014) (preloaded format=pdflatex 2014.5.25)  4 OCT 2015 10:04
entering extended mode
 restricted \write18 enabled.
 %&-line parsing enabled.
**BenLarsonHm1.tex
(./BenLarsonHm1.tex
LaTeX2e <2014/05/01>
Babel <3.9k> and hyphenation patterns for 78 languages loaded.
(/usr/local/texlive/2014/texmf-dist/tex/latex/exam/exam.cls
Document Class: exam 2011/05/22 Version 2.4 by Philip Hirschhorn
(/usr/local/texlive/2014/texmf-dist/tex/latex/base/ifthen.sty
Package: ifthen 2001/05/26 v1.1c Standard LaTeX ifthen package (DPC)
)
(/usr/local/texlive/2014/texmf-dist/tex/latex/base/article.cls
Document Class: article 2007/10/19 v1.4h Standard LaTeX document class
(/usr/local/texlive/2014/texmf-dist/tex/latex/base/size10.clo
File: size10.clo 2007/10/19 v1.4h Standard LaTeX file (size option)
)
\c@part=\count79
\c@section=\count80
\c@subsection=\count81
\c@subsubsection=\count82
\c@paragraph=\count83
\c@subparagraph=\count84
\c@figure=\count85
\c@table=\count86
\abovecaptionskip=\skip41
\belowcaptionskip=\skip42
\bibindent=\dimen102
)
\@extrawidth=\skip43
\@rightmargin=\skip44
\@extrahead=\skip45
\@extrafoot=\skip46
\run@exhd=\skip47
\fp@exhd=\skip48
\run@exft=\skip49
\fp@exft=\skip50
\covrun@exhd=\skip51
\covfp@exhd=\skip52
\covrun@exft=\skip53
\covfp@exft=\skip54
\c@num@coverpages=\count87
\c@latest@ques=\count88
\c@ques@end=\count89
\c@last@object=\count90
\c@incmp@ques=\count91
\c@next@ques=\count92
\c@nextq@page=\count93
\c@tmp@hlfcntr=\count94
\c@ifpos@cntr=\count95
\c@question=\count96
\c@partno=\count97
\c@subpart=\count98
\c@subsubpart=\count99
\c@choice=\count100
\c@numpoints=\count101
\c@numbonuspoints=\count102
\c@pointsof@thisquestion=\count103
\c@bonuspointsof@thisquestion=\count104
\c@numquestions=\count105
\c@numparts=\count106
\c@numsubparts=\count107
\c@numsubsubparts=\count108
\c@Curr@Page=\count109
\c@@pagepoints=\count110
\c@@pagebonuspoints=\count111
\c@pageof@pagepoints=\count112
\c@pageof@pagebonuspoints=\count113
\c@latest@points=\count114
\c@latest@bonuspoints=\count115
\pageinfo@commands=\toks14
\temp@toks=\toks15
\pagepoint@commands=\toks16
\point@toks=\toks17
\c@ques@object=\count116
\marginpointssep=\skip55
\rightpointsmargin=\skip56
\choice@toks=\toks18
\answerlinelength=\skip57
\answerskip=\skip58
\answerclearance=\skip59
\linefillheight=\skip60
\linefillthickness=\skip61
\dottedlinefillheight=\skip62
\minboxheight=\skip63
\c@@iterator=\count117
\@cellwidth=\skip64
\c@tbl@points=\count118
\c@tbl@bonuspoints=\count119
\c@num@cols=\count120
\saved@totalleftmargin=\dimen103
\@sollistdepth=\count121
\FrameRule=\dimen104
\FrameSep=\dimen105
)
(/usr/local/texlive/2014/texmf-dist/tex/latex/amsmath/amsmath.sty
Package: amsmath 2013/01/14 v2.14 AMS math features
\@mathmargin=\skip65

For additional information on amsmath, use the `?' option.
(/usr/local/texlive/2014/texmf-dist/tex/latex/amsmath/amstext.sty
Package: amstext 2000/06/29 v2.01

(/usr/local/texlive/2014/texmf-dist/tex/latex/amsmath/amsgen.sty
File: amsgen.sty 1999/11/30 v2.0
\@emptytoks=\toks19
\ex@=\dimen106
))
(/usr/local/texlive/2014/texmf-dist/tex/latex/amsmath/amsbsy.sty
Package: amsbsy 1999/11/29 v1.2d
\pmbraise@=\dimen107
)
(/usr/local/texlive/2014/texmf-dist/tex/latex/amsmath/amsopn.sty
Package: amsopn 1999/12/14 v2.01 operator names
)
\inf@bad=\count122
LaTeX Info: Redefining \frac on input line 210.
\uproot@=\count123
\leftroot@=\count124
LaTeX Info: Redefining \overline on input line 306.
\classnum@=\count125
\DOTSCASE@=\count126
LaTeX Info: Redefining \ldots on input line 378.
LaTeX Info: Redefining \dots on input line 381.
LaTeX Info: Redefining \cdots on input line 466.
\Mathstrutbox@=\box26
\strutbox@=\box27
\big@size=\dimen108
LaTeX Font Info:    Redeclaring font encoding OML on input line 566.
LaTeX Font Info:    Redeclaring font encoding OMS on input line 567.
\macc@depth=\count127
\c@MaxMatrixCols=\count128
\dotsspace@=\muskip10
\c@parentequation=\count129
\dspbrk@lvl=\count130
\tag@help=\toks20
\row@=\count131
\column@=\count132
\maxfields@=\count133
\andhelp@=\toks21
\eqnshift@=\dimen109
\alignsep@=\dimen110
\tagshift@=\dimen111
\tagwidth@=\dimen112
\totwidth@=\dimen113
\lineht@=\dimen114
\@envbody=\toks22
\multlinegap=\skip66
\multlinetaggap=\skip67
\mathdisplay@stack=\toks23
LaTeX Info: Redefining \[ on input line 2665.
LaTeX Info: Redefining \] on input line 2666.
)
(/usr/local/texlive/2014/texmf-dist/tex/latex/subfig/subfig.sty
Package: subfig 2005/06/28 ver: 1.3 subfig package

(/usr/local/texlive/2014/texmf-dist/tex/latex/graphics/keyval.sty
Package: keyval 2014/05/08 v1.15 key=value parser (DPC)
\KV@toks@=\toks24
)
(/usr/local/texlive/2014/texmf-dist/tex/latex/caption/caption.sty
Package: caption 2013/05/02 v3.3-89 Customizing captions (AR)

(/usr/local/texlive/2014/texmf-dist/tex/latex/caption/caption3.sty
Package: caption3 2013/05/02 v1.6-88 caption3 kernel (AR)
Package caption3 Info: TeX engine: e-TeX on input line 57.
\captionmargin=\dimen115
\captionmargin@=\dimen116
\captionwidth=\dimen117
\caption@tempdima=\dimen118
\caption@indent=\dimen119
\caption@parindent=\dimen120
\caption@hangindent=\dimen121
)
\c@ContinuedFloat=\count134
)
\c@KVtest=\count135
\sf@farskip=\skip68
\sf@captopadj=\dimen122
\sf@capskip=\skip69
\sf@nearskip=\skip70
\c@subfigure=\count136
\c@subfigure@save=\count137
\c@lofdepth=\count138
\c@subtable=\count139
\c@subtable@save=\count140
\c@lotdepth=\count141
\sf@top=\skip71
\sf@bottom=\skip72
)
(/usr/local/texlive/2014/texmf-dist/tex/latex/graphics/graphicx.sty
Package: graphicx 2014/04/25 v1.0g Enhanced LaTeX Graphics (DPC,SPQR)

(/usr/local/texlive/2014/texmf-dist/tex/latex/graphics/graphics.sty
Package: graphics 2009/02/05 v1.0o Standard LaTeX Graphics (DPC,SPQR)

(/usr/local/texlive/2014/texmf-dist/tex/latex/graphics/trig.sty
Package: trig 1999/03/16 v1.09 sin cos tan (DPC)
)
(/usr/local/texlive/2014/texmf-dist/tex/latex/latexconfig/graphics.cfg
File: graphics.cfg 2010/04/23 v1.9 graphics configuration of TeX Live
)
Package graphics Info: Driver file: pdftex.def on input line 91.

(/usr/local/texlive/2014/texmf-dist/tex/latex/pdftex-def/pdftex.def
File: pdftex.def 2011/05/27 v0.06d Graphics/color for pdfTeX

(/usr/local/texlive/2014/texmf-dist/tex/generic/oberdiek/infwarerr.sty
Package: infwarerr 2010/04/08 v1.3 Providing info/warning/error messages (HO)
)
(/usr/local/texlive/2014/texmf-dist/tex/generic/oberdiek/ltxcmds.sty
Package: ltxcmds 2011/11/09 v1.22 LaTeX kernel commands for general use (HO)
)
\Gread@gobject=\count142
))
\Gin@req@height=\dimen123
\Gin@req@width=\dimen124
)
(./BenLarsonHm1.aux

LaTeX Warning: Label `part@0@1' multiply defined.


LaTeX Warning: Label `part@0@2' multiply defined.


LaTeX Warning: Label `part@0@3' multiply defined.


LaTeX Warning: Label `part@0@4' multiply defined.


LaTeX Warning: Label `part@0@1' multiply defined.


LaTeX Warning: Label `part@0@2' multiply defined.


LaTeX Warning: Label `part@0@1' multiply defined.


LaTeX Warning: Label `part@0@2' multiply defined.


LaTeX Warning: Label `part@0@3' multiply defined.


LaTeX Warning: Label `label:q1' multiply defined.


LaTeX Warning: Label `label:q1' multiply defined.


LaTeX Warning: Label `label:q1' multiply defined.


LaTeX Warning: Label `label:q1' multiply defined.


LaTeX Warning: Label `label:q1' multiply defined.


LaTeX Warning: Label `label:q1' multiply defined.


LaTeX Warning: Label `label:q1' multiply defined.


LaTeX Warning: Label `label:q1' multiply defined.


LaTeX Warning: Label `label:q1' multiply defined.


LaTeX Warning: Label `label:q1' multiply defined.


LaTeX Warning: Label `label:q1' multiply defined.


LaTeX Warning: Label `label:q1' multiply defined.


LaTeX Warning: Label `label:q1' multiply defined.


LaTeX Warning: Label `label:q1' multiply defined.


LaTeX Warning: Label `label:q1' multiply defined.


LaTeX Warning: Label `label:q1' multiply defined.


LaTeX Warning: Label `label:q1' multiply defined.


LaTeX Warning: Label `label:q1' multiply defined.


LaTeX Warning: Label `label:q1' multiply defined.


LaTeX Warning: Label `label:q1' multiply defined.

)
\openout1 = `BenLarsonHm1.aux'.

LaTeX Font Info:    Checking defaults for OML/cmm/m/it on input line 9.
LaTeX Font Info:    ... okay on input line 9.
LaTeX Font Info:    Checking defaults for T1/cmr/m/n on input line 9.
LaTeX Font Info:    ... okay on input line 9.
LaTeX Font Info:    Checking defaults for OT1/cmr/m/n on input line 9.
LaTeX Font Info:    ... okay on input line 9.
LaTeX Font Info:    Checking defaults for OMS/cmsy/m/n on input line 9.
LaTeX Font Info:    ... okay on input line 9.
LaTeX Font Info:    Checking defaults for OMX/cmex/m/n on input line 9.
LaTeX Font Info:    ... okay on input line 9.
LaTeX Font Info:    Checking defaults for U/cmr/m/n on input line 9.
LaTeX Font Info:    ... okay on input line 9.
Package caption Info: Begin \AtBeginDocument code.
Package caption Info: subfig package v1.3 is loaded.
Package caption Info: End \AtBeginDocument code.
 (/usr/local/texlive/2014/texmf-dist/tex/context/base/supp-pdf.mkii
[Loading MPS to PDF converter (version 2006.09.02).]
\scratchcounter=\count143
\scratchdimen=\dimen125
\scratchbox=\box28
\nofMPsegments=\count144
\nofMParguments=\count145
\everyMPshowfont=\toks25
\MPscratchCnt=\count146
\MPscratchDim=\dimen126
\MPnumerator=\count147
\makeMPintoPDFobject=\count148
\everyMPtoPDFconversion=\toks26
) (/usr/local/texlive/2014/texmf-dist/tex/generic/oberdiek/pdftexcmds.sty
Package: pdftexcmds 2011/11/29 v0.20 Utility functions of pdfTeX for LuaTeX (HO
)

(/usr/local/texlive/2014/texmf-dist/tex/generic/oberdiek/ifluatex.sty
Package: ifluatex 2010/03/01 v1.3 Provides the ifluatex switch (HO)
Package ifluatex Info: LuaTeX not detected.
)
(/usr/local/texlive/2014/texmf-dist/tex/generic/oberdiek/ifpdf.sty
Package: ifpdf 2011/01/30 v2.3 Provides the ifpdf switch (HO)
Package ifpdf Info: pdfTeX in PDF mode is detected.
)
Package pdftexcmds Info: LuaTeX not detected.
Package pdftexcmds Info: \pdf@primitive is available.
Package pdftexcmds Info: \pdf@ifprimitive is available.
Package pdftexcmds Info: \pdfdraftmode found.
)
(/usr/local/texlive/2014/texmf-dist/tex/latex/oberdiek/epstopdf-base.sty
Package: epstopdf-base 2010/02/09 v2.5 Base part for package epstopdf

(/usr/local/texlive/2014/texmf-dist/tex/latex/oberdiek/grfext.sty
Package: grfext 2010/08/19 v1.1 Manage graphics extensions (HO)

(/usr/local/texlive/2014/texmf-dist/tex/generic/oberdiek/kvdefinekeys.sty
Package: kvdefinekeys 2011/04/07 v1.3 Define keys (HO)
))
(/usr/local/texlive/2014/texmf-dist/tex/latex/oberdiek/kvoptions.sty
Package: kvoptions 2011/06/30 v3.11 Key value format for package options (HO)

(/usr/local/texlive/2014/texmf-dist/tex/generic/oberdiek/kvsetkeys.sty
Package: kvsetkeys 2012/04/25 v1.16 Key value parser (HO)

(/usr/local/texlive/2014/texmf-dist/tex/generic/oberdiek/etexcmds.sty
Package: etexcmds 2011/02/16 v1.5 Avoid name clashes with e-TeX commands (HO)
Package etexcmds Info: Could not find \expanded.
(etexcmds)             That can mean that you are not using pdfTeX 1.50 or
(etexcmds)             that some package has redefined \expanded.
(etexcmds)             In the latter case, load this package earlier.
)))
Package grfext Info: Graphics extension search list:
(grfext)             [.png,.pdf,.jpg,.mps,.jpeg,.jbig2,.jb2,.PNG,.PDF,.JPG,.JPE
G,.JBIG2,.JB2,.eps]
(grfext)             \AppendGraphicsExtensions on input line 452.

(/usr/local/texlive/2014/texmf-dist/tex/latex/latexconfig/epstopdf-sys.cfg
File: epstopdf-sys.cfg 2010/07/13 v1.3 Configuration of (r)epstopdf for TeX Liv
e
))
Underfull \hbox (badness 10000) in paragraph at lines 15--16

 []


Underfull \hbox (badness 10000) in paragraph at lines 31--35

 []


Underfull \hbox (badness 10000) in paragraph at lines 47--49

 []


Underfull \hbox (badness 10000) in paragraph at lines 50--55

 []

[1

{/usr/local/texlive/2014/texmf-var/fonts/map/pdftex/updmap/pdftex.map}]
Underfull \hbox (badness 10000) in paragraph at lines 66--76

 []


Underfull \hbox (badness 10000) in paragraph at lines 76--86

 []


Underfull \hbox (badness 10000) in paragraph at lines 87--90

 []


Underfull \hbox (badness 10000) in paragraph at lines 93--95

 []

[2]
Underfull \hbox (badness 10000) in paragraph at lines 132--133

 []

<comparehist.jpg, id=20, 2553.54pt x 2235.35126pt>
File: comparehist.jpg Graphic file (type jpg)
 <use comparehist.jpg>
Package pdftex.def Info: comparehist.jpg used on input line 136.
(pdftex.def)             Requested size: 383.01448pt x 335.28822pt.


LaTeX Warning: Reference `label:a' on page 3 undefined on input line 137.


LaTeX Warning: Reference `label:a' on page 3 undefined on input line 137.


LaTeX Warning: `!h' float specifier changed to `!ht'.

[3] [4 <./comparehist.jpg>]
Underfull \hbox (badness 10000) in paragraph at lines 144--152

 []

<ds.png, id=29, 562.1pt x 420.57124pt>
File: ds.png Graphic file (type png)
 <use ds.png>
Package pdftex.def Info: ds.png used on input line 161.
(pdftex.def)             Requested size: 281.04932pt x 210.28511pt.

<bilinear.png, id=30, 562.1pt x 420.57124pt>
File: bilinear.png Graphic file (type png)
 <use bilinear.png>
Package pdftex.def Info: bilinear.png used on input line 167.
(pdftex.def)             Requested size: 281.04932pt x 210.28511pt.


LaTeX Warning: `!h' float specifier changed to `!ht'.

<nearestneighbors.png, id=31, 562.1pt x 420.57124pt>
File: nearestneighbors.png Graphic file (type png)

<use nearestneighbors.png>
Package pdftex.def Info: nearestneighbors.png used on input line 173.
(pdftex.def)             Requested size: 281.04932pt x 210.28511pt.


LaTeX Warning: `!h' float specifier changed to `!ht'.

<I_x.png, id=32, 562.1pt x 420.57124pt>
File: I_x.png Graphic file (type png)
 <use I_x.png>
Package pdftex.def Info: I_x.png used on input line 179.
(pdftex.def)             Requested size: 281.04932pt x 210.28511pt.


LaTeX Warning: `!h' float specifier changed to `!ht'.

<x_ds.png, id=33, 562.1pt x 420.57124pt>
File: x_ds.png Graphic file (type png)
 <use x_ds.png>
Package pdftex.def Info: x_ds.png used on input line 185.
(pdftex.def)             Requested size: 281.04932pt x 210.28511pt.


LaTeX Warning: `!h' float specifier changed to `!ht'.

<4xbilear.png, id=34, 564.1075pt x 420.57124pt>
File: 4xbilear.png Graphic file (type png)
 <use 4xbilear.png>
Package pdftex.def Info: 4xbilear.png used on input line 191.
(pdftex.def)             Requested size: 282.05305pt x 210.28511pt.


LaTeX Warning: `!h' float specifier changed to `!ht'.

<4xnn.png, id=35, 562.1pt x 420.57124pt>
File: 4xnn.png Graphic file (type png)
 <use 4xnn.png>
Package pdftex.def Info: 4xnn.png used on input line 197.
(pdftex.def)             Requested size: 281.04932pt x 210.28511pt.


LaTeX Warning: `!h' float specifier changed to `!ht'.

<brain.png, id=36, 256.96pt x 256.96pt>
File: brain.png Graphic file (type png)
 <use brain.png>
Package pdftex.def Info: brain.png used on input line 203.
(pdftex.def)             Requested size: 205.56827pt x 205.56827pt.


LaTeX Warning: `!h' float specifier changed to `!ht'.

<intenTrans.png, id=37, 562.1pt x 420.57124pt>
File: intenTrans.png Graphic file (type png)
 <use intenTrans.png>
Package pdftex.def Info: intenTrans.png used on input line 209.
(pdftex.def)             Requested size: 281.04932pt x 210.28511pt.


LaTeX Warning: `!h' float specifier changed to `!ht'.

<1mine.png, id=38, 562.1pt x 420.57124pt>
File: 1mine.png Graphic file (type png)
 <use 1mine.png>
Package pdftex.def Info: 1mine.png used on input line 215.
(pdftex.def)             Requested size: 281.04932pt x 210.28511pt.


LaTeX Warning: `!h' float specifier changed to `!ht'.

<2class.png, id=39, 562.1pt x 420.57124pt>
File: 2class.png Graphic file (type png)
 <use 2class.png>
Package pdftex.def Info: 2class.png used on input line 221.
(pdftex.def)             Requested size: 281.04932pt x 210.28511pt.


LaTeX Warning: `!h' float specifier changed to `!ht'.

<3mine.png, id=40, 562.1pt x 420.57124pt>
File: 3mine.png Graphic file (type png)
 <use 3mine.png>
Package pdftex.def Info: 3mine.png used on input line 227.
(pdftex.def)             Requested size: 281.04932pt x 210.28511pt.


LaTeX Warning: `!h' float specifier changed to `!ht'.

<4class.png, id=41, 562.1pt x 420.57124pt>
File: 4class.png Graphic file (type png)
 <use 4class.png>
Package pdftex.def Info: 4class.png used on input line 233.
(pdftex.def)             Requested size: 281.04932pt x 210.28511pt.


LaTeX Warning: `!h' float specifier changed to `!ht'.

<mine30.png, id=42, 562.1pt x 420.57124pt>
File: mine30.png Graphic file (type png)
 <use mine30.png>
Package pdftex.def Info: mine30.png used on input line 239.
(pdftex.def)             Requested size: 281.04932pt x 210.28511pt.


LaTeX Warning: `!h' float specifier changed to `!ht'.

<class30.png, id=43, 562.1pt x 420.57124pt>
File: class30.png Graphic file (type png)
 <use class30.png>
Package pdftex.def Info: class30.png used on input line 245.
(pdftex.def)             Requested size: 281.04932pt x 210.28511pt.


LaTeX Warning: `!h' float specifier changed to `!ht'.

<f2class.png, id=44, 562.1pt x 420.57124pt>
File: f2class.png Graphic file (type png)
 <use f2class.png>
Package pdftex.def Info: f2class.png used on input line 251.
(pdftex.def)             Requested size: 281.04932pt x 210.28511pt.


LaTeX Warning: `!h' float specifier changed to `!ht'.

<fmine10.png, id=45, 562.1pt x 420.57124pt>
File: fmine10.png Graphic file (type png)
 <use fmine10.png>
Package pdftex.def Info: fmine10.png used on input line 257.
(pdftex.def)             Requested size: 281.04932pt x 210.28511pt.


LaTeX Warning: `!h' float specifier changed to `!ht'.

[5

 <./ds.png (PNG copy)>] [6 <./bilinear.png (PNG copy)> <./nearestneighbors.png 
(PNG copy)>] [7 <./I_x.png (PNG copy)> <./x_ds.png (PNG copy)>] [8 <./4xbilear.
png (PNG copy)> <./4xnn.png (PNG copy)>] [9 <./brain.png (PNG copy)> <./intenTr
ans.png (PNG copy)>] [10 <./1mine.png (PNG copy)> <./2class.png (PNG copy)>]
[11 <./3mine.png (PNG copy)> <./4class.png (PNG copy)>] [12 <./mine30.png (PNG 
copy)> <./class30.png (PNG copy)>] [13 <./f2class.png (PNG copy)> <./fmine10.pn
g (PNG copy)>] <f10class.png, id=75, 562.1pt x 420.57124pt>
File: f10class.png Graphic file (type png)
 <use f10class.png>
Package pdftex.def Info: f10class.png used on input line 264.
(pdftex.def)             Requested size: 281.04932pt x 210.28511pt.

<f15mine.png, id=76, 563.10374pt x 420.57124pt>
File: f15mine.png Graphic file (type png)
 <use f15mine.png>
Package pdftex.def Info: f15mine.png used on input line 270.
(pdftex.def)             Requested size: 281.55118pt x 210.28511pt.

<f15class.png, id=77, 562.1pt x 420.57124pt>
File: f15class.png Graphic file (type png)
 <use f15class.png>
Package pdftex.def Info: f15class.png used on input line 276.
(pdftex.def)             Requested size: 281.04932pt x 210.28511pt.


LaTeX Warning: `!h' float specifier changed to `!ht'.

[14

 <./f10class.png (PNG copy)> <./f15mine.png (PNG copy)>] [15 <./f15class.png (P
NG copy)>]
This exam contains 0 questions with 14 parts, 0 subparts, and 0 subsubparts.
This exam has a total of 0 points.
This exam has a total of 0 bonus points.
(./BenLarsonHm1.aux)

LaTeX Warning: There were undefined references.


LaTeX Warning: There were multiply-defined labels.

 ) 
Here is how much of TeX's memory you used:
 4346 strings out of 493117
 63940 string characters out of 6135433
 137918 words of memory out of 5000000
 7762 multiletter control sequences out of 15000+600000
 8716 words of font info for 32 fonts, out of 8000000 for 9000
 1141 hyphenation exceptions out of 8191
 44i,9n,42p,583b,404s stack positions out of 5000i,500n,10000p,200000b,80000s
</usr/local/texlive/2014/texmf-dist/fonts/type1/public/amsfonts/cm/cmbx10.pfb
></usr/local/texlive/2014/texmf-dist/fonts/type1/public/amsfonts/cm/cmbx12.pfb>
</usr/local/texlive/2014/texmf-dist/fonts/type1/public/amsfonts/cm/cmex10.pfb><
/usr/local/texlive/2014/texmf-dist/fonts/type1/public/amsfonts/cm/cmmi10.pfb></
usr/local/texlive/2014/texmf-dist/fonts/type1/public/amsfonts/cm/cmmi5.pfb></us
r/local/texlive/2014/texmf-dist/fonts/type1/public/amsfonts/cm/cmmi7.pfb></usr/
local/texlive/2014/texmf-dist/fonts/type1/public/amsfonts/cm/cmr10.pfb></usr/lo
cal/texlive/2014/texmf-dist/fonts/type1/public/amsfonts/cm/cmr12.pfb></usr/loca
l/texlive/2014/texmf-dist/fonts/type1/public/amsfonts/cm/cmr17.pfb></usr/local/
texlive/2014/texmf-dist/fonts/type1/public/amsfonts/cm/cmr5.pfb></usr/local/tex
live/2014/texmf-dist/fonts/type1/public/amsfonts/cm/cmr7.pfb></usr/local/texliv
e/2014/texmf-dist/fonts/type1/public/amsfonts/cm/cmsy10.pfb></usr/local/texlive
/2014/texmf-dist/fonts/type1/public/amsfonts/cm/cmsy7.pfb>
Output written on BenLarsonHm1.pdf (15 pages, 2208096 bytes).
PDF statistics:
 126 PDF objects out of 1000 (max. 8388607)
 74 compressed objects within 1 object stream
 0 named destinations out of 1000 (max. 500000)
 106 words of extra memory for PDF output out of 10000 (max. 10000000)

